<?xml version="1.0" encoding="UTF-8"?>
<!-- Generated by org.testng.reporters.JUnitXMLReporter -->
<testsuite ignored="0" hostname="DESKTOP-SJMVNDM" failures="1" tests="1" name="EdgeTest" time="1.399" errors="0" timestamp="2024-07-30T15:52:21 GMT-04:00">
  <testcase classname="testCases.TC001TestAccountRegistrationPage" name="tc001registraion" time="0.341">
    <failure type="java.lang.AssertionError" message="null">
      <![CDATA[java.lang.AssertionError: null
at testCases.TC001TestAccountRegistrationPage.tc001registraion(TC001TestAccountRegistrationPage.java:45)
at java.base/java.util.ArrayList.forEach(ArrayList.java:1511)
at java.base/java.util.concurrent.FutureTask.run(FutureTask.java:264)
at java.base/java.util.concurrent.ThreadPoolExecutor.runWorker(ThreadPoolExecutor.java:1136)
at java.base/java.util.concurrent.ThreadPoolExecutor$Worker.run(ThreadPoolExecutor.java:635)
at java.base/java.lang.Thread.run(Thread.java:833)
... Removed 19 stack frames]]>
    </failure>
  </testcase> <!-- tc001registraion -->
</testsuite> <!-- EdgeTest -->
